0 info it worked if it ends with ok
1 verbose cli [ 'C:\\Program Files\\nodejs\\\\node.exe',
1 verbose cli   'C:\\Program Files\\nodejs\\node_modules\\npm\\bin\\npm-cli.js',
1 verbose cli   'install',
1 verbose cli   'methodOverride',
1 verbose cli   '--save' ]
2 info using npm@1.4.28
3 info using node@v0.10.35
4 verbose node symlink C:\Program Files\nodejs\\node.exe
5 warn package.json doudou@1.0.0 No description
6 warn package.json doudou@1.0.0 No README data
7 verbose readDependencies using package.json deps
8 verbose cache add [ 'methodOverride', null ]
9 verbose cache add name=undefined spec="methodOverride" args=["methodOverride",null]
10 verbose parsed url { protocol: null,
10 verbose parsed url   slashes: null,
10 verbose parsed url   auth: null,
10 verbose parsed url   host: null,
10 verbose parsed url   port: null,
10 verbose parsed url   hostname: null,
10 verbose parsed url   hash: null,
10 verbose parsed url   search: null,
10 verbose parsed url   query: null,
10 verbose parsed url   pathname: 'methodOverride',
10 verbose parsed url   path: 'methodOverride',
10 verbose parsed url   href: 'methodOverride' }
11 silly lockFile 106534e5-methodOverride methodOverride
12 verbose lock methodOverride C:\Users\Cielmer\AppData\Roaming\npm-cache\106534e5-methodOverride.lock
13 silly lockFile 106534e5-methodOverride methodOverride
14 silly lockFile 106534e5-methodOverride methodOverride
15 verbose addNamed [ 'methodOverride', '' ]
16 verbose addNamed [ null, '*' ]
17 silly lockFile 70c5ec60-methodOverride methodOverride@
18 verbose lock methodOverride@ C:\Users\Cielmer\AppData\Roaming\npm-cache\70c5ec60-methodOverride.lock
19 silly addNameRange { name: 'methodOverride', range: '*', hasData: false }
20 verbose request where is /methodOverride
21 verbose request registry https://registry.npmjs.org/
22 verbose request id 98555a34e807b7af
23 verbose url raw /methodOverride
24 verbose url resolving [ 'https://registry.npmjs.org/', './methodOverride' ]
25 verbose url resolved https://registry.npmjs.org/methodOverride
26 verbose request where is https://registry.npmjs.org/methodOverride
27 info trying registry request attempt 1 at 23:49:19
28 http GET https://registry.npmjs.org/methodOverride
29 http 404 https://registry.npmjs.org/methodOverride
30 verbose headers { date: 'Fri, 16 Jan 2015 15:49:11 GMT',
30 verbose headers   server: 'CouchDB/1.5.0 (Erlang OTP/R16B03)',
30 verbose headers   'content-type': 'application/json',
30 verbose headers   'cache-control': 'max-age=0',
30 verbose headers   'content-length': '52',
30 verbose headers   'accept-ranges': 'bytes',
30 verbose headers   via: '1.1 varnish',
30 verbose headers   age: '0',
30 verbose headers   'x-served-by': 'cache-ty67-TYO',
30 verbose headers   'x-cache': 'MISS',
30 verbose headers   'x-cache-hits': '0',
30 verbose headers   'x-timer': 'S1421423351.788241,VS0,VE120',
30 verbose headers   'keep-alive': 'timeout=10, max=50',
30 verbose headers   connection: 'Keep-Alive' }
31 silly registry.get cb [ 404,
31 silly registry.get   { date: 'Fri, 16 Jan 2015 15:49:11 GMT',
31 silly registry.get     server: 'CouchDB/1.5.0 (Erlang OTP/R16B03)',
31 silly registry.get     'content-type': 'application/json',
31 silly registry.get     'cache-control': 'max-age=0',
31 silly registry.get     'content-length': '52',
31 silly registry.get     'accept-ranges': 'bytes',
31 silly registry.get     via: '1.1 varnish',
31 silly registry.get     age: '0',
31 silly registry.get     'x-served-by': 'cache-ty67-TYO',
31 silly registry.get     'x-cache': 'MISS',
31 silly registry.get     'x-cache-hits': '0',
31 silly registry.get     'x-timer': 'S1421423351.788241,VS0,VE120',
31 silly registry.get     'keep-alive': 'timeout=10, max=50',
31 silly registry.get     connection: 'Keep-Alive' } ]
32 silly lockFile 70c5ec60-methodOverride methodOverride@
33 silly lockFile 70c5ec60-methodOverride methodOverride@
34 error 404 404 Not Found: methodOverride
34 error 404
34 error 404 'methodOverride' is not in the npm registry.
34 error 404 You should bug the author to publish it
34 error 404 It was specified as a dependency of 'doudou'
34 error 404
34 error 404 Note that you can also install from a
34 error 404 tarball, folder, or http url, or git url.
35 error System Windows_NT 6.1.7601
36 error command "C:\\Program Files\\nodejs\\\\node.exe" "C:\\Program Files\\nodejs\\node_modules\\npm\\bin\\npm-cli.js" "install" "methodOverride" "--save"
37 error cwd C:\Users\Cielmer\Documents\GitHub\doudou
38 error node -v v0.10.35
39 error npm -v 1.4.28
40 error code E404
41 verbose exit [ 1, true ]
